srcscan starts
=============== Using precompiled files for SV std libs ===========
INFO: The Verilog library search path for library "std" is now "F:/Xilinx/Vivado/2023.2/data/precomp_hsv/sv/std" (VERI-1509)
INFO: The Verilog library search path for library "uvm" is now "F:/Xilinx/Vivado/2023.2/data/precomp_hsv/sv/uvm" (VERI-1509)
INFO: analyzing module ddr2_model (VERI-9002)
C:/Users/gamem/Desktop/teknofest_wrapper_2024/teknofest_wrapper_2024.srcs/sources_1/new/ddr2_model.v(147): INFO: Compiling verilog file "C:/Users/gamem/Desktop/teknofest_wrapper_2024/teknofest_wrapper_2024.srcs/ddr2_model_parameters.vh" included at line 147. (VERI-9003)
C:/Users/gamem/Desktop/teknofest_wrapper_2024/teknofest_wrapper_2024.srcs/sources_1/new/ddr2_model.v(147): INFO: back to file 'C:/Users/gamem/Desktop/teknofest_wrapper_2024/teknofest_wrapper_2024.srcs/sources_1/new/ddr2_model.v' (VERI-2320)
INFO: analyzing module ddr3_model (VERI-9002)
C:/Users/gamem/Desktop/teknofest_wrapper_2024/teknofest_wrapper_2024.srcs/sources_1/new/ddr3_model.sv(121): INFO: Compiling verilog file "C:/Users/gamem/Desktop/teknofest_wrapper_2024/teknofest_wrapper_2024.srcs/ddr3_model_parameters.vh" included at line 121. (VERI-9003)
C:/Users/gamem/Desktop/teknofest_wrapper_2024/teknofest_wrapper_2024.srcs/sources_1/new/ddr3_model.sv(121): INFO: back to file 'C:/Users/gamem/Desktop/teknofest_wrapper_2024/teknofest_wrapper_2024.srcs/sources_1/new/ddr3_model.sv' (VERI-2320)
C:/Users/gamem/Desktop/teknofest_wrapper_2024/teknofest_wrapper_2024.srcs/sources_1/new/ddr3_model.sv(136): WARNING: macro 'MAX_PIPE' is redefined (VERI-1295)
INFO: analyzing module programmer (VERI-9002)
INFO: analyzing module teknofest_memory (VERI-9002)
INFO: analyzing module teknofest_wrapper (VERI-9002)
Listing tops:
VeriTop library:xil_defaultlib mod:ddr2_model
VeriTop library:xil_defaultlib mod:ddr3_model
VeriTop library:xil_defaultlib mod:teknofest_wrapper
END of tops
C:/Users/gamem/Desktop/teknofest_wrapper_2024/teknofest_wrapper_2024.srcs/sources_1/new/ddr2_model.v(129): INFO: compiling module 'ddr2_model_default' (VERI-1018)
C:/Users/gamem/Desktop/teknofest_wrapper_2024/teknofest_wrapper_2024.srcs/sources_1/new/ddr3_model.sv(102): INFO: compiling module 'ddr3_model_default' (VERI-1018)
C:/Users/gamem/Desktop/teknofest_wrapper_2024/teknofest_wrapper_2024.srcs/sources_1/new/teknofest_wrapper.sv(18): INFO: compiling module 'teknofest_wrapper_default' (VERI-1018)
C:/Users/gamem/Desktop/teknofest_wrapper_2024/teknofest_wrapper_2024.srcs/sources_1/new/teknofest_memory.sv(124): WARNING: Module <mig_7series_0> not found while processing module instance <gen_ddr.u_ddr> (VERI-1063)
C:/Users/gamem/Desktop/teknofest_wrapper_2024/teknofest_wrapper_2024.srcs/sources_1/new/teknofest_wrapper.sv(123): WARNING: port 'mem_gnt' is not connected on this instance (VERI-2435)
ModName: programmer(UART_BAUD_RATE=32'b010010110000000,CPU_FREQ_HZ=32'b0100011110000110100011000000)
BaseName programmer has 1 entries
srcscan exits with return value 0
